[debug] [2021-04-02T11:14:12.139Z] ----------------------------------------------------------------------
[debug] [2021-04-02T11:14:12.143Z] Command:       C:\Program Files\nodejs\node.exe C:\Users\mypiy\AppData\Roaming\npm\node_modules\firebase-tools\lib\bin\firebase.js deploy
[debug] [2021-04-02T11:14:12.144Z] CLI Version:   9.8.0
[debug] [2021-04-02T11:14:12.144Z] Platform:      win32
[debug] [2021-04-02T11:14:12.144Z] Node Version:  v14.15.1
[debug] [2021-04-02T11:14:12.173Z] Time:          Fri Apr 02 2021 17:14:12 GMT+0600 (Bangladesh Standard Time)
[debug] [2021-04-02T11:14:12.173Z] ----------------------------------------------------------------------
[debug] 
[debug] [2021-04-02T11:14:12.213Z] > command requires scopes: ["email","openid","https://www.googleapis.com/auth/cloudplatformprojects.readonly","https://www.googleapis.com/auth/firebase","https://www.googleapis.com/auth/cloud-platform"]
[debug] [2021-04-02T11:14:12.214Z] > authorizing via signed-in user
[debug] [2021-04-02T11:14:12.214Z] [iam] checking project bangla-stall for permissions ["firebase.projects.get","firebasehosting.sites.update"]
[debug] [2021-04-02T11:14:12.217Z] > refreshing access token with scopes: ["email","https://www.googleapis.com/auth/cloud-platform","https://www.googleapis.com/auth/cloudplatformprojects.readonly","https://www.googleapis.com/auth/firebase","openid"]
[debug] [2021-04-02T11:14:12.217Z] >>> HTTP REQUEST POST https://www.googleapis.com/oauth2/v3/token  
 <request body omitted>
[debug] [2021-04-02T11:14:12.893Z] <<< HTTP RESPONSE 200 {"expires":"Mon, 01 Jan 1990 00:00:00 GMT","cache-control":"no-cache, no-store, max-age=0, must-revalidate","pragma":"no-cache","date":"Fri, 02 Apr 2021 11:14:12 GMT","content-type":"application/json; charset=utf-8","vary":"X-Origin, Referer, Origin,Accept-Encoding","server":"scaffolding on HTTPServer2","x-xss-protection":"0","x-frame-options":"SAMEORIGIN","x-content-type-options":"nosniff","alt-svc":"h3-29=\":443\"; ma=2592000,h3-T051=\":443\"; ma=2592000,h3-Q050=\":443\"; ma=2592000,h3-Q046=\":443\"; ma=2592000,h3-Q043=\":443\"; ma=2592000,quic=\":443\"; ma=2592000; v=\"46,43\"","accept-ranges":"none","transfer-encoding":"chunked"}
[debug] [2021-04-02T11:14:12.924Z] >>> HTTP REQUEST POST https://cloudresourcemanager.googleapis.com/v1/projects/bangla-stall:testIamPermissions  
 {"permissions":["firebase.projects.get","firebasehosting.sites.update"]}
[debug] [2021-04-02T11:14:14.481Z] <<< HTTP RESPONSE 200 {"content-type":"application/json; charset=UTF-8","vary":"X-Origin, Referer, Origin,Accept-Encoding","date":"Fri, 02 Apr 2021 11:14:14 GMT","server":"ESF","cache-control":"private","x-xss-protection":"0","x-frame-options":"SAMEORIGIN","x-content-type-options":"nosniff","server-timing":"gfet4t7; dur=1120","alt-svc":"h3-29=\":443\"; ma=2592000,h3-T051=\":443\"; ma=2592000,h3-Q050=\":443\"; ma=2592000,h3-Q046=\":443\"; ma=2592000,h3-Q043=\":443\"; ma=2592000,quic=\":443\"; ma=2592000; v=\"46,43\"","accept-ranges":"none","transfer-encoding":"chunked"}
[debug] [2021-04-02T11:14:14.484Z] > refreshing access token with scopes: []
[debug] [2021-04-02T11:14:14.484Z] >>> HTTP REQUEST POST https://www.googleapis.com/oauth2/v3/token  
 <request body omitted>
[debug] [2021-04-02T11:14:14.967Z] <<< HTTP RESPONSE 200 {"expires":"Mon, 01 Jan 1990 00:00:00 GMT","pragma":"no-cache","date":"Fri, 02 Apr 2021 11:14:15 GMT","cache-control":"no-cache, no-store, max-age=0, must-revalidate","content-type":"application/json; charset=utf-8","vary":"X-Origin, Referer, Origin,Accept-Encoding","server":"scaffolding on HTTPServer2","x-xss-protection":"0","x-frame-options":"SAMEORIGIN","x-content-type-options":"nosniff","alt-svc":"h3-29=\":443\"; ma=2592000,h3-T051=\":443\"; ma=2592000,h3-Q050=\":443\"; ma=2592000,h3-Q046=\":443\"; ma=2592000,h3-Q043=\":443\"; ma=2592000,quic=\":443\"; ma=2592000; v=\"46,43\"","accept-ranges":"none","transfer-encoding":"chunked"}
[debug] [2021-04-02T11:14:14.996Z] >>> [apiv2][query] GET https://firebase.googleapis.com/v1beta1/projects/bangla-stall [none]
[debug] [2021-04-02T11:14:16.015Z] <<< [apiv2][status] GET https://firebase.googleapis.com/v1beta1/projects/bangla-stall 200
[debug] [2021-04-02T11:14:16.015Z] <<< [apiv2][body] GET https://firebase.googleapis.com/v1beta1/projects/bangla-stall {"projectId":"bangla-stall","projectNumber":"760258881268","displayName":"bangla-stall","name":"projects/bangla-stall","resources":{"hostingSite":"bangla-stall"},"state":"ACTIVE"}
[info] 
[info] === Deploying to 'bangla-stall'...
[info] 
[info] i  deploying hosting 
[debug] [2021-04-02T11:14:16.021Z] > refreshing access token with scopes: ["email","https://www.googleapis.com/auth/cloud-platform","https://www.googleapis.com/auth/cloudplatformprojects.readonly","https://www.googleapis.com/auth/firebase","openid"]
[debug] [2021-04-02T11:14:16.021Z] >>> HTTP REQUEST POST https://www.googleapis.com/oauth2/v3/token  
 <request body omitted>
[debug] [2021-04-02T11:14:16.483Z] <<< HTTP RESPONSE 200 {"expires":"Mon, 01 Jan 1990 00:00:00 GMT","date":"Fri, 02 Apr 2021 11:14:16 GMT","cache-control":"no-cache, no-store, max-age=0, must-revalidate","pragma":"no-cache","content-type":"application/json; charset=utf-8","vary":"X-Origin, Referer, Origin,Accept-Encoding","server":"scaffolding on HTTPServer2","x-xss-protection":"0","x-frame-options":"SAMEORIGIN","x-content-type-options":"nosniff","alt-svc":"h3-29=\":443\"; ma=2592000,h3-T051=\":443\"; ma=2592000,h3-Q050=\":443\"; ma=2592000,h3-Q046=\":443\"; ma=2592000,h3-Q043=\":443\"; ma=2592000,quic=\":443\"; ma=2592000; v=\"46,43\"","accept-ranges":"none","transfer-encoding":"chunked"}
[debug] [2021-04-02T11:14:16.504Z] >>> HTTP REQUEST POST https://firebasehosting.googleapis.com/v1beta1/sites/bangla-stall/versions  
 {"config":{"rewrites":[{"glob":"**","path":"/index.html"}]},"labels":{"deployment-tool":"cli-firebase"}}
[debug] [2021-04-02T11:14:18.638Z] <<< HTTP RESPONSE 200 {"content-type":"application/json; charset=UTF-8","vary":"X-Origin, Referer, Origin,Accept-Encoding","date":"Fri, 02 Apr 2021 11:14:18 GMT","server":"ESF","cache-control":"private","x-xss-protection":"0","x-frame-options":"SAMEORIGIN","x-content-type-options":"nosniff","alt-svc":"h3-29=\":443\"; ma=2592000,h3-T051=\":443\"; ma=2592000,h3-Q050=\":443\"; ma=2592000,h3-Q046=\":443\"; ma=2592000,h3-Q043=\":443\"; ma=2592000,quic=\":443\"; ma=2592000; v=\"46,43\"","accept-ranges":"none","transfer-encoding":"chunked"}
[info] i  hosting[bangla-stall]: beginning deploy... 
[info] i  hosting[bangla-stall]: found 21 files in build 
[debug] [2021-04-02T11:14:19.378Z] > refreshing access token with scopes: []
[debug] [2021-04-02T11:14:19.378Z] >>> HTTP REQUEST POST https://www.googleapis.com/oauth2/v3/token  
 <request body omitted>
[debug] [2021-04-02T11:14:19.380Z] [hosting] hash cache [YnVpbGQ] stored for 21 files
[debug] [2021-04-02T11:14:19.381Z] [hosting][hash queue][FINAL] {"max":714,"min":5,"avg":54.76190476190476,"active":0,"complete":21,"success":21,"errored":0,"retried":0,"total":21,"elapsed":724}
